C51 COMPILER V9.51   ADC                                                                   06/27/2017 14:50:11 PAGE 1   


C51 COMPILER V9.51, COMPILATION OF MODULE ADC
OBJECT MODULE PLACED IN .\hex\adc.obj
COMPILER INVOKED BY: C:\Keil\C51\BIN\C51.EXE ..\..\Library\Sources\adc.c ROM(COMPACT) BROWSE DEBUG OBJECTEXTEND PRINT(.\
                    -lst\adc.lst) TABS(2) OBJECT(.\hex\adc.obj)

line level    source

   1          #ifndef _ADC_C_
   2          #define _ADC_C_
   3          
   4          /*********************************************************************************************************
             -************/
   5          #include "ca51f_config.h"
   6          #if (IC_TYPE == IC_TYPE_CA51F2X)
              #include "../../includes/ca51f2sfr.h"
              #include "../../includes/ca51f2xsfr.h"
              #include "../../includes/gpiodef_f2.h"
              #elif (IC_TYPE == IC_TYPE_CA51F3X)
  11          #include "../../includes/ca51f3sfr.h"
  12          #include "../../includes/ca51f3xsfr.h"
  13          #include "../../includes/gpiodef_f3.h"
  14          #endif
  15          #include "../../includes/system.h"
  16          #include "../../Library/includes/adc.h"
  17          #include <intrins.h>
  18          /*********************************************************************************************************
             -************/
  19          void ADC_init(ADC_RefVolt_TypeDef adc_ref,InterruptSW_TypeDef adc_int,AmpSW_TypeDef amp_sw,AMP_Gain_TypeDe
             -f gain)              
  20          {
  21   1        ADCON = AST(0) | ADIE(adc_int) | HTME(7) | VSEL(adc_ref); 
  22   1        ADCFGL = ACKD(7) | ADCALE(1) | ADCHS(0);  
  23   1      #if (IC_TYPE == IC_TYPE_CA51F2X)
                ADCFGH = AOVE(0) | VTRIM(35);
                if(amp_sw == ENABLE)
                {
                  OPACON = OPAM(2) | OPAS(gain);      
                }
              #elif (IC_TYPE == IC_TYPE_CA51F3X)
  30   1        if(amp_sw == ENABLE)
  31   1        {
  32   2          ADCFGH = AOPS(gain) | VTRIM(35);
  33   2        }
  34   1        else
  35   1        {
  36   2          ADCFGH = AOPS(0) | VTRIM(35);
  37   2        }
  38   1      #endif
  39   1        if(adc_int == ENABLE)
  40   1        {
  41   2          INT2EN = 1; 
  42   2        }
  43   1      }
  44          void ADC_ConfigChannel(ADC_Channel_TypeDef channel)
  45          {
  46   1        ADCFGL = (ADCFGL&0xF0) | ADCHS(channel);
  47   1      }
  48          void ADC_StartConversion(void)
  49          {
  50   1        ADCON |= AST(1);
  51   1      }
C51 COMPILER V9.51   ADC                                                                   06/27/2017 14:50:11 PAGE 2   

  52          unsigned int GetAdcValue(void)
  53          {
  54   1        unsigned int ADC_Value;
  55   1        while(!(ADCON & ADIF));
  56   1        ADCON |= ADIF;
  57   1        ADC_Value = ADCDH*256 + ADCDL;
  58   1        ADC_Value >>= 4;
  59   1        return ADC_Value;
  60   1      }
  61          
  62          /*********************************************************************************************************
             -************/
  63          #endif


MODULE INFORMATION:   STATIC OVERLAYABLE
   CODE SIZE        =     86    ----
   CONSTANT SIZE    =   ----    ----
   XDATA SIZE       =   ----    ----
   PDATA SIZE       =   ----    ----
   DATA SIZE        =   ----       4
   IDATA SIZE       =   ----    ----
   BIT SIZE         =   ----    ----
END OF MODULE INFORMATION.


C51 COMPILATION COMPLETE.  0 WARNING(S),  0 ERROR(S)
