C51 COMPILER V9.51   DELAY                                                                 06/26/2017 11:43:24 PAGE 1   


C51 COMPILER V9.51, COMPILATION OF MODULE DELAY
OBJECT MODULE PLACED IN .\hex\delay.obj
COMPILER INVOKED BY: C:\Keil\C51\BIN\C51.EXE ..\..\Library\Sources\delay.c ROM(COMPACT) BROWSE DEBUG OBJECTEXTEND PRINT(
                    -.\lst\delay.lst) TABS(2) OBJECT(.\hex\delay.obj)

line level    source

   1          #ifndef _Delay_C_
   2          #define _Delay_C_
   3          /*********************************************************************************************************
             -************/
   4          void Delay_50us(unsigned int n)    
   5          {
   6   1        unsigned char i;
   7   1      #ifdef SYS_CLK_USE_PLL
                n *= PLL_Multiple;
              #endif 
  10   1        
  11   1        while(n--)
  12   1        {
  13   2          for(i=0;i<15;i++);
  14   2        }
  15   1      }
  16          void Delay_ms(unsigned char n)
  17          {
  18   1        while(n--)
  19   1        {
  20   2          Delay_50us(20);
  21   2        }
  22   1      }
  23          /*********************************************************************************************************
             -************/
  24          #endif


MODULE INFORMATION:   STATIC OVERLAYABLE
   CODE SIZE        =     40    ----
   CONSTANT SIZE    =   ----    ----
   XDATA SIZE       =   ----    ----
   PDATA SIZE       =   ----    ----
   DATA SIZE        =   ----    ----
   IDATA SIZE       =   ----    ----
   BIT SIZE         =   ----    ----
END OF MODULE INFORMATION.


C51 COMPILATION COMPLETE.  0 WARNING(S),  0 ERROR(S)
