C51 COMPILER V9.52.0.0   DELAY                                                             07/24/2018 11:06:14 PAGE 1   


C51 COMPILER V9.52.0.0, COMPILATION OF MODULE DELAY
OBJECT MODULE PLACED IN .\Output\delay.obj
COMPILER INVOKED BY: E:\Keil\C51\BIN\C51.EXE Library\Sources\delay.c LARGE ROM(COMPACT) BROWSE INCDIR(.\includes;.\User;
                    -.\Library\Includes;.\TS_Lib\Includes) DEBUG OBJECTEXTEND PRINT(.\Lis\delay.lst) TABS(2) OBJECT(.\Output\delay.obj)

line level    source

   1          #ifndef _Delay_C_
   2          #define _Delay_C_
   3          #include "ca51f_config.h"
   4          #include "../../Library/includes/delay.h"
   5          /*********************************************************************************************************
             -************/
   6          void Delay_50us(unsigned int n)    
   7          {
   8   1        unsigned char i;
   9   1      #if (SYSCLK_SRC == PLL)
                n *= PLL_Multiple;
              #endif 
  12   1        
  13   1        while(n--)
  14   1        {
  15   2          for(i=0;i<15;i++);
  16   2        }
  17   1      }
  18          void Delay_ms(unsigned char n)
  19          {
  20   1        while(n--)
  21   1        {
  22   2          Delay_50us(20);
  23   2        }
  24   1      }
  25          /*********************************************************************************************************
             -************/
  26          #endif


MODULE INFORMATION:   STATIC OVERLAYABLE
   CODE SIZE        =     40    ----
   CONSTANT SIZE    =   ----    ----
   XDATA SIZE       =   ----    ----
   PDATA SIZE       =   ----    ----
   DATA SIZE        =   ----    ----
   IDATA SIZE       =   ----    ----
   BIT SIZE         =   ----    ----
END OF MODULE INFORMATION.


C51 COMPILATION COMPLETE.  0 WARNING(S),  0 ERROR(S)
