C51 COMPILER V9.52.0.0   UART                                                              07/24/2018 11:06:14 PAGE 1   


C51 COMPILER V9.52.0.0, COMPILATION OF MODULE UART
OBJECT MODULE PLACED IN .\Output\uart.obj
COMPILER INVOKED BY: E:\Keil\C51\BIN\C51.EXE Library\Sources\uart.c LARGE ROM(COMPACT) BROWSE INCDIR(.\includes;.\User;.
                    -\Library\Includes;.\TS_Lib\Includes) DEBUG OBJECTEXTEND PRINT(.\Lis\uart.lst) TABS(2) OBJECT(.\Output\uart.obj)

line level    source

   1          #ifndef _UART_C_
   2          #define _UART_C_
   3          #include "ca51f_config.h"
   4          #if (IC_TYPE == IC_TYPE_CA51F2X)
              #include "../../includes/ca51f2sfr.h"
              #include "../../includes/ca51f2xsfr.h"
              #include "../../includes/gpiodef_f2.h"
              #elif (IC_TYPE == IC_TYPE_CA51F3X)
   9          #include "../../includes/ca51f3sfr.h"
  10          #include "../../includes/ca51f3xsfr.h"
  11          #include "../../includes/gpiodef_f3.h"
  12          #endif
  13          #include "../../includes/system.h"
  14          #include "../../Library/includes/uart.h"
  15          #include <intrins.h>
  16          #include <string.h>
  17          #include <stdarg.h>
  18          #include <stdlib.h>
  19          #include <stdio.h>
  20          #include <absacc.h>
  21          /*********************************************************************************************************
             -************/
  22          /*********************************************************************************************************
             -************/
  23          #ifdef UART0_EN
  24          void Uart0_Initial(unsigned long int baudrate)
  25          {
  26   1        unsigned int value_temp;
  27   1      
  28   1        GPIO_Init(P31F,P31_UART0_RX_SETTING);
  29   1        GPIO_Init(P30F,P30_UART0_TX_SETTING);
  30   1        
  31   1        uart0_send.head=0;
  32   1        uart0_send.tail=0;
  33   1        uart0_rev.head=0;
  34   1        uart0_rev.tail=0;
  35   1        uart0_tx_flag=0;
  36   1      
  37   1      /*********************************************************************************************************
             -***************/
  38   1      //TIMER2作为UART0的波特率发生器
  39   1        value_temp = 0x10000 - FOSC/(baudrate*32);
  40   1        T2CON =   0x24;
  41   1        T2CH  =   (unsigned char)(value_temp>>8);
  42   1        T2CL  =   (unsigned char)(value_temp);
  43   1        TH2   =   (unsigned char)(value_temp>>8);
  44   1        TL2   =   (unsigned char)(value_temp);; 
  45   1        TR2   =   1;
  46   1      /*********************************************************************************************************
             -***************/  
  47   1      
  48   1      
  49   1      /*********************************************************************************************************
             -***************/
C51 COMPILER V9.52.0.0   UART                                                              07/24/2018 11:06:14 PAGE 2   

  50   1      //TIMER1作为UART0的波特率发生器
  51   1      
  52   1      //  TMOD = (TMOD&0xCF)|0x20;
  53   1      //  TH1 = 0xff;   //19200
  54   1      //  TL1 = 0xff;
  55   1      //  ET1=0;
  56   1      //  TR1=1;    
  57   1      //  PCON |= 0x80;   
  58   1      /*********************************************************************************************************
             -***************/
  59   1      
  60   1      
  61   1        S0CON = 0x50;  
  62   1        ES0 = 1;
  63   1      }
  64          void Uart0_PutChar(unsigned char bdat)
  65          {
  66   1        TI0 = 0;
  67   1        uart0_tx_flag=1;
  68   1        S0BUF = bdat;
  69   1        while(uart0_tx_flag);
  70   1        
  71   1      /***
  72   1        unsigned char free_space;
  73   1        unsigned char tail_tmp;
  74   1        while(1)
  75   1        {       
  76   1          tail_tmp = uart0_send.tail; 
  77   1          if(uart0_send.head < tail_tmp)
  78   1          {
  79   1            free_space = tail_tmp - uart0_send.head;
  80   1          }
  81   1          else
  82   1          {
  83   1            free_space = UART0_TX_BUF_SIZE + tail_tmp - uart0_send.head;
  84   1          }   
  85   1          if(free_space > 1)
  86   1          {
  87   1            ES0 = 0; 
  88   1            uart0_send.head++;
  89   1            uart0_send.head %= UART0_TX_BUF_SIZE;
  90   1            uart0_tx_buf[uart0_send.head] = bdat;     
  91   1            if(!uart0_tx_flag)
  92   1            {
  93   1              ES0 = 1;        
  94   1              uart0_send.tail++;
  95   1              uart0_send.tail %= UART0_TX_BUF_SIZE;   
  96   1              S0BUF=uart0_tx_buf[uart0_send.tail];        
  97   1              uart0_tx_flag = 1;    
  98   1            }
  99   1            else
 100   1            {
 101   1              ES0 = 1;  
 102   1            }     
 103   1            break;
 104   1          }
 105   1        }
 106   1      **/
 107   1      }
 108          
 109          #if 0
              void UART0_ISR (void) interrupt 4
C51 COMPILER V9.52.0.0   UART                                                              07/24/2018 11:06:14 PAGE 3   

              {
                unsigned char rx_dat; 
                if(RI0)
                {
                  RI0 = 0;
                  rx_dat = S0BUF; 
              /*
                  uart0_rev.head++;
                  uart0_rev.head %= UART0_RX_BUF_SIZE;
                  uart0_rx_buf[uart0_rev.head]=S0BUF;
              */
                }
                if(TI0)
                { 
                  TI0 = 0;  
                  uart0_tx_flag = 0;
              /*    
                  if(uart0_send.head!=uart0_send.tail)
                  {
                    uart0_send.tail++;
                    uart0_send.tail %= UART0_TX_BUF_SIZE;
                    S0BUF=uart0_tx_buf[uart0_send.tail];        
                  }
                  else
                  {
                    uart0_tx_flag=0;
                  }
              */    
                }
              }
              #endif
 142          #endif
 143          #ifdef UART1_EN
              void Uart1_Initial(unsigned long int baudrate)
              {
                unsigned int value_temp;
              
                uart1_send.head=0;
                uart1_send.tail=0;
                uart1_rev.head=0;
                uart1_rev.tail=0;
                uart1_tx_flag=0;
              
                value_temp = 0x400 - FOSC/(baudrate*32);
              
              #if (IC_TYPE == IC_TYPE_CA51F3X)
                GPIO_Init(P12F,P12_UART1_RX_SETTING);
                GPIO_Init(P11F,P11_UART1_TX_SETTING);
              #elif  (IC_TYPE == IC_TYPE_CA51F2X)
                GPIO_Init(P67F,P67_UART1_RX_SETTING);
                GPIO_Init(P66F,P66_UART1_TX_SETTING);
              #endif
              
                S1RELH = (unsigned char)(value_temp>>8);
                S1RELL = (unsigned char)(value_temp);
                
                S1CON = 0xD0;
                ES1 = 1;  
              }
              void Uart1_PutChar(unsigned char bdat)
              {
                unsigned char free_space;
C51 COMPILER V9.52.0.0   UART                                                              07/24/2018 11:06:14 PAGE 4   

                unsigned char tail_tmp;
                while(1)
                {   
                  tail_tmp = uart1_send.tail;
                  if(uart1_send.head < tail_tmp)
                  {
                    free_space = tail_tmp - uart1_send.head;
                  }
                  else
                  {
                    free_space = UART1_TX_BUF_SIZE + tail_tmp - uart1_send.head;
                  }   
                  if(free_space > 1)
                  {
                    ES1 = 0; 
                    uart1_send.head++;
                    uart1_send.head %= UART1_TX_BUF_SIZE;
                    uart1_tx_buf[uart1_send.head] = bdat;
                    if(!uart1_tx_flag)
                    {
                      ES1 = 1;
                      uart1_send.tail++;
                      uart1_send.tail %= UART1_TX_BUF_SIZE;   
                      S1BUF = uart1_tx_buf[uart1_send.tail];        
                      uart1_tx_flag = 1;    
                    }
                    else
                    {
                      ES1 = 1;  
                    }     
                    break;
                  }
                }
              }
              void UART1_ISR (void) interrupt 6 
              {
                if(S1CON & BIT0)
                {
                  S1CON = (S1CON&~(BIT0|BIT1))|BIT0;       
                  uart1_rev.head++;
                    uart1_rev.head %= UART1_RX_BUF_SIZE;
                  uart1_rx_buf[uart1_rev.head]=S1BUF;
                }
                if(S1CON & BIT1)
                {
                  S1CON = (S1CON&~(BIT0|BIT1))|BIT1;  
                  if(uart1_send.head!=uart1_send.tail)
                  {
                    uart1_send.tail++;
                    uart1_send.tail %= UART1_TX_BUF_SIZE;
                    S1BUF=uart1_tx_buf[uart1_send.tail];        
                  }
                  else
                  {
                    uart1_tx_flag=0;
                  }   
                }
              }
              #endif
 232          
 233          #ifdef UART2_EN
              void Uart2_Initial(unsigned long int baudrate)
C51 COMPILER V9.52.0.0   UART                                                              07/24/2018 11:06:14 PAGE 5   

              {
                unsigned int value_temp;
              
                uart2_send.head=0;
                uart2_send.tail=0;
                uart2_rev.head=0;
                uart2_rev.tail=0;
                uart2_tx_flag=0;
              
                GPIO_Init(P60F,P60_UART2_RX_SETTING);
                GPIO_Init(P61F,P61_UART2_TX_SETTING);
              
                value_temp = 0x400 - FOSC/(baudrate*32);
                S2RELH = (unsigned char)(value_temp>>8);
                S2RELL = (unsigned char)(value_temp);
                
                S2CON = 0xD0;
                INT3EN =  1;  
              }
              void Uart2_PutChar(unsigned char bdat)
              {
                unsigned char free_space;
                unsigned char tail_tmp;
                while(1)
                {   
                  tail_tmp = uart2_send.tail;
                  if(uart2_send.head < tail_tmp)
                  {
                    free_space = tail_tmp - uart2_send.head;
                  }
                  else
                  {
                    free_space = UART2_TX_BUF_SIZE + tail_tmp - uart2_send.head;
                  }   
                  if(free_space > 1)
                  {
                    INT3EN = 0; 
                    uart2_send.head++;
                    uart2_send.head %= UART2_TX_BUF_SIZE;
                    uart2_tx_buf[uart2_send.head] = bdat;     
                    if(!uart2_tx_flag)
                    {
                      INT3EN = 1;
                      uart2_send.tail++;
                      uart2_send.tail %= UART2_TX_BUF_SIZE;     
                      S2BUF = uart2_tx_buf[uart2_send.tail];        
                      uart2_tx_flag = 1;    
                    }
                    else
                    {
                      INT3EN = 1; 
                    }     
                    break;
                  }
                }
              }
              void UART2_ISR (void) interrupt 8 
              {
                if(S2CON & BIT0)
                {
                  S2CON = (S2CON&~(BIT0|BIT1))|BIT0;       
                  uart2_rev.head++;
C51 COMPILER V9.52.0.0   UART                                                              07/24/2018 11:06:14 PAGE 6   

                  uart2_rev.head %= UART2_RX_BUF_SIZE;
                  uart2_rx_buf[uart2_rev.head]=S2BUF;
                }
                if(S2CON & BIT1)
                {
                  S2CON = (S2CON&~(BIT0|BIT1))|BIT1;  
                  if(uart2_send.head!=uart2_send.tail)
                  {
                    uart2_send.tail++;
                    uart2_send.tail %= UART2_TX_BUF_SIZE;
                    S2BUF=uart2_tx_buf[uart2_send.tail];        
                  }
                  else
                  {
                    uart2_tx_flag=0;
                  }   
                }
              }
              #endif
 316          #ifdef PRINT_EN
 317            #ifdef UART0_PRINT
 318              #define Uart_PutChar  Uart0_PutChar
 319            #elif defined  UART1_PRINT
                  #define Uart_PutChar  Uart1_PutChar
                #elif defined  UART2_PRINT
                  #define Uart_PutChar  Uart2_PutChar
                #endif
 324          void UartPutStr(char *str)
 325          {
 326   1        while(*str)
 327   1        { 
 328   2          Uart_PutChar(*str++);
 329   2        }
 330   1      }
 331          void uart_printf(char *fmt,...) 
 332          {
 333   1          va_list ap;
 334   1          char xdata string[256];
 335   1          va_start(ap,fmt);
 336   1          vsprintf(string,fmt,ap);
 337   1          UartPutStr(string);
 338   1          va_end(ap);
 339   1      }
 340          #endif
 341          /*********************************************************************************************************
             -************/
 342          #endif


MODULE INFORMATION:   STATIC OVERLAYABLE
   CODE SIZE        =    247    ----
   CONSTANT SIZE    =   ----    ----
   XDATA SIZE       =    124     309
   PDATA SIZE       =   ----    ----
   DATA SIZE        =   ----    ----
   IDATA SIZE       =   ----    ----
   BIT SIZE         =      1    ----
END OF MODULE INFORMATION.


C51 COMPILATION COMPLETE.  0 WARNING(S),  0 ERROR(S)
