C51 COMPILER V9.51   POWER_SAVING                                                          07/06/2017 20:01:47 PAGE 1   


C51 COMPILER V9.51, COMPILATION OF MODULE POWER_SAVING
OBJECT MODULE PLACED IN .\hex\power_saving.obj
COMPILER INVOKED BY: C:\Keil\C51\BIN\C51.EXE power_saving.c ROM(COMPACT) BROWSE DEBUG OBJECTEXTEND PRINT(.\lst\power_sav
                    -ing.lst) TABS(2) OBJECT(.\hex\power_saving.obj)

line level    source

   1          #ifndef _WATCH_DOG_C_
   2          #define _WATCH_DOG_C_
   3          
   4          /*********************************************************************************************************
             -************/
   5          #include "ca51f_config.h"
   6          #if (IC_TYPE == IC_TYPE_CA51F2X)
   7          #include "../../includes/ca51f2sfr.h"
   8          #include "../../includes/ca51f2xsfr.h"
   9          #include "../../includes/gpiodef_f2.h"
  10          #elif (IC_TYPE == IC_TYPE_CA51F3X)
              #include "../../includes/ca51f3sfr.h"
              #include "../../includes/ca51f3xsfr.h"
              #include "../../includes/gpiodef_f3.h"
              #endif
  15          #include "../../includes/system.h"
  16          #include "../../Library/includes/uart.h"
  17          #include "../../Library/includes/stop_idle.h"
  18          #include "../../Library/includes/system_clock.h"
  19          #include "power_saving.h"
  20          #include <intrins.h>
  21          /*********************************************************************************************************
             -************/
  22          
  23          void PowerSaving_MainLoop(void)
  24          {
  25   1      #if (POWER_SAVING_MODE == STOP_MODE)
  26   1        I2CCON = 0;
  27   1        CKCON = 0;
  28   1        MECON |= BIT6;
  29   1        ADCON = 1;
  30   1        PWCON = (PWCON&0xF0) | 0x04;    
  31   1        
  32   1        while(!CheckStopCondition());
  33   1        StopEnter();
  34   1        while(1)
  35   1        {
  36   2          
  37   2        }
  38   1      #elif (POWER_SAVING_MODE == IDLE_MODE)
                I2CCON = 0;
                CKCON = 0;
                MECON |= BIT6;
                ADCON = 1;
                PWCON = (PWCON&0xF0) | 0x04;  
                
                while(!CheckIdleCondition());
                Sys_Clk_Set_XOSCL();
              //  Sys_Clk_Set_IRCL();
                IdleEnter();
                while(1)
                {
                  
                }
C51 COMPILER V9.51   POWER_SAVING                                                          07/06/2017 20:01:47 PAGE 2   

              #elif (POWER_SAVING_MODE == LOW_SPEED_MODE)
              
              #endif
  56   1        
  57   1      }
  58          #endif


MODULE INFORMATION:   STATIC OVERLAYABLE
   CODE SIZE        =     36    ----
   CONSTANT SIZE    =   ----    ----
   XDATA SIZE       =   ----    ----
   PDATA SIZE       =   ----    ----
   DATA SIZE        =   ----    ----
   IDATA SIZE       =   ----    ----
   BIT SIZE         =   ----    ----
END OF MODULE INFORMATION.


C51 COMPILATION COMPLETE.  0 WARNING(S),  0 ERROR(S)
