C51 COMPILER V9.51   I2C                                                                   08/31/2017 12:07:19 PAGE 1   


C51 COMPILER V9.51, COMPILATION OF MODULE I2C
OBJECT MODULE PLACED IN .\hex\i2c.obj
COMPILER INVOKED BY: C:\Keil\C51\BIN\C51.EXE ..\..\..\Library\Sources\i2c.c ROM(COMPACT) BROWSE DEBUG OBJECTEXTEND PRINT
                    -(.\lst\i2c.lst) TABS(2) OBJECT(.\hex\i2c.obj)

line level    source

   1          #ifndef _I2C_C_
   2          #define _I2C_C_
   3          
   4          /*********************************************************************************************************
             -************/
   5          #include "ca51f_config.h"
   6          #if (IC_TYPE == IC_TYPE_CA51F2X)
   7          #include "../../includes/ca51f2sfr.h"
   8          #include "../../includes/ca51f2xsfr.h"
   9          #include "../../includes/gpiodef_f2.h"
  10          #elif (IC_TYPE == IC_TYPE_CA51F3X)
              #include "../../includes/ca51f3sfr.h"
              #include "../../includes/ca51f3xsfr.h"
              #include "../../includes/gpiodef_f3.h"
              #endif
  15          #include "../../includes/system.h"
  16          #include "../../Library/includes/i2c.h"
  17          #include <intrins.h>
  18          /*********************************************************************************************************
             -************/
  19          
  20          void I2C_init(I2CE_TypeDef i2ce,I2CIE_TypeDef i2cie,STFE_TypeDef stfe,unsigned char i2cadr,unsigned char i
             -2ccr)
  21          {
  22   1        I2CCON = I2CE(i2ce) | I2CIE(i2cie) | STA(0) | STP(0)| CKHD(1) | AAK(1)| CBSE(0) | STFE(stfe);   
  23   1        I2CADR = GCE(0)|(i2cadr>>1);
  24   1        I2CCR = i2ccr;
  25   1      }
  26          
  27          void I2C_SelectComPin(I2CIOS_TypeDef i2cios)
  28          {
  29   1        I2CIOS = i2cios;
  30   1      #if (IC_TYPE == IC_TYPE_CA51F3X)
                if(i2cios == I2C_SEL_P30_P31)
                {
                  GPIO_Init(P30F,P30_I2C_SDA_SETTING | PU_EN);
                  GPIO_Init(P31F,P31_I2C_SCL_SETTING | PU_EN);    
                }
                else if(i2cios == I2C_SEL_P11_P12)
                {
                  GPIO_Init(P11F,P11_I2C_SDA_SETTING | PU_EN);
                  GPIO_Init(P12F,P12_I2C_SCL_SETTING | PU_EN);    
                }
              #elif  (IC_TYPE == IC_TYPE_CA51F2X)
  42   1        if(i2cios == I2C_SEL_P36_P37)
  43   1        {
  44   2          GPIO_Init(P36F,P36_I2C_SDA_SETTING | PU_EN);
  45   2          GPIO_Init(P37F,P37_I2C_SCL_SETTING | PU_EN);
  46   2        }
  47   1        else if(i2cios == I2C_SEL_P30_P31)
  48   1        {
  49   2          GPIO_Init(P30F,P30_I2C_SDA_SETTING | PU_EN);
  50   2          GPIO_Init(P31F,P31_I2C_SCL_SETTING | PU_EN);  
  51   2        }
C51 COMPILER V9.51   I2C                                                                   08/31/2017 12:07:19 PAGE 2   

  52   1        else if(i2cios == I2C_SEL_P66_P67)
  53   1        {
  54   2          GPIO_Init(P66F,P66_I2C_SDA_SETTING | PU_EN);
  55   2          GPIO_Init(P67F,P67_I2C_SCL_SETTING | PU_EN);
  56   2        }
  57   1        else if(i2cios == I2C_SEL_P61_P60)
  58   1        {
  59   2          GPIO_Init(P61F,P61_I2C_SDA_SETTING | PU_EN);
  60   2          GPIO_Init(P60F,P60_I2C_SCL_SETTING | PU_EN);
  61   2        }
  62   1      #endif  
  63   1      }
  64          #endif


MODULE INFORMATION:   STATIC OVERLAYABLE
   CODE SIZE        =     90    ----
   CONSTANT SIZE    =   ----    ----
   XDATA SIZE       =   ----    ----
   PDATA SIZE       =   ----    ----
   DATA SIZE        =   ----       5
   IDATA SIZE       =   ----    ----
   BIT SIZE         =   ----    ----
END OF MODULE INFORMATION.


C51 COMPILATION COMPLETE.  0 WARNING(S),  0 ERROR(S)
