C51 COMPILER V9.51   IIC_SLAVE                                                             08/31/2017 12:07:20 PAGE 1   


C51 COMPILER V9.51, COMPILATION OF MODULE IIC_SLAVE
OBJECT MODULE PLACED IN .\hex\iic_slave.obj
COMPILER INVOKED BY: C:\Keil\C51\BIN\C51.EXE iic_slave.c ROM(COMPACT) BROWSE DEBUG OBJECTEXTEND PRINT(.\lst\iic_slave.ls
                    -t) TABS(2) OBJECT(.\hex\iic_slave.obj)

line level    source

   1          #ifndef _WATCH_DOG_C_
   2          #define _WATCH_DOG_C_
   3          
   4          /*********************************************************************************************************
             -************/
   5          #include "ca51f_config.h"
   6          #if (IC_TYPE == IC_TYPE_CA51F2X)
   7          #include "../../../includes/ca51f2sfr.h"
   8          #include "../../../includes/ca51f2xsfr.h"
   9          #include "../../../includes/gpiodef_f2.h"
  10          #elif (IC_TYPE == IC_TYPE_CA51F3X)
              #include "../../../includes/ca51f3sfr.h"
              #include "../../../includes/ca51f3xsfr.h"
              #include "../../../includes/gpiodef_f3.h"
              #endif
  15          #include "../../../includes/system.h"
  16          #include "../../../Library/includes/uart.h"
  17          #include "../../../Library/includes/i2c.h"
  18          #include "iic_slave.h"
  19          #include <intrins.h>
  20          /*********************************************************************************************************
             -************/
  21          unsigned char I2CDataIndex;
  22          unsigned char regAddr;
  23          bit iicReadMode;
  24          bit iicEnd;
  25          unsigned char xdata rxBuf[20];
  26          unsigned char *pI2C_Data;
  27          
  28          void INT6_ISR(void) interrupt 11 
  29          {
  30   1        unsigned char Sta_Temp;
  31   1      
  32   1        if(I2CFLG & I2CF)          //IIC  interrupt
  33   1        {           
  34   2          Sta_Temp = I2CSTA;      
  35   2          if(Sta_Temp == 0x60)          //接收到从机地址+写位
  36   2          {     
  37   3            I2CDataIndex = 0xFF;
  38   3            iicReadMode = 0;
  39   3            I2CCON |= AAK(1);     
  40   3          }
  41   2          else if(Sta_Temp == 0x80)        
  42   2          {         
  43   3            if(iicReadMode)   //发送一字节数据
  44   3            {
  45   4              I2CDataIndex++;
  46   4              I2CDAT = *(pI2C_Data + I2CDataIndex + regAddr);     
  47   4            }
  48   3            else            //接收到一字节数据
  49   3            {       
  50   4              if(I2CDataIndex == 0xFF)  //地址
  51   4              {
  52   5                regAddr=I2CDAT;  
C51 COMPILER V9.51   IIC_SLAVE                                                             08/31/2017 12:07:20 PAGE 2   

  53   5                I2CDataIndex=0;
  54   5                I2CCON |= AAK(1);
  55   5              }
  56   4              else            //数据
  57   4              {
  58   5                *(pI2C_Data + I2CDataIndex + regAddr) = I2CDAT;
  59   5                I2CDataIndex++; 
  60   5                I2CCON |= AAK(1);   
  61   5              }
  62   4            } 
  63   3          }
  64   2          else if(Sta_Temp==0xA8)       //接收到从机地址+读位，发送ACK信号
  65   2          {               
  66   3            I2CDAT = *(pI2C_Data + I2CDataIndex + regAddr);
  67   3            iicReadMode = 1;
  68   3          }
  69   2          else if(Sta_Temp == 0x88) 
  70   2          {
  71   3          }
  72   2          I2CFLG  |= I2CF;
  73   2        } 
  74   1        if(I2CFLG & I2CSTP)
  75   1        {
  76   2          I2CFLG  |= I2CSTP;  
  77   2        }
  78   1      }                     
  79          void IIC_Slave_MainLoop(void)
  80          {
  81   1        unsigned char i;
  82   1        
  83   1      #if (IC_TYPE == IC_TYPE_CA51F2X)
  84   1        I2C_SelectComPin(I2C_SEL_P36_P37);
  85   1      #elif (IC_TYPE == IC_TYPE_CA51F3X)
                I2C_SelectComPin(I2C_SEL_P30_P31);
              #endif
  88   1        
  89   1        I2C_init(I2CE_enable,I2CIE_enable,STFE_disable,I2C_ADDR,0);
  90   1        INT6EN = 1;  
  91   1        
  92   1        for(i = 0; i < 20; i++)
  93   1        {
  94   2          rxBuf[i] = 0x10+i;
  95   2        }
  96   1        
  97   1        pI2C_Data = rxBuf;
  98   1        
  99   1        while(1)
 100   1        {
 101   2          Uart0_PutChar(0xaa);
 102   2          for(i=0;i<20;i++)
 103   2          {
 104   3            Uart0_PutChar(rxBuf[i]);
 105   3          }
 106   2        }
 107   1      }
 108          #endif


MODULE INFORMATION:   STATIC OVERLAYABLE
   CODE SIZE        =    274    ----
   CONSTANT SIZE    =   ----    ----
   XDATA SIZE       =     20    ----
C51 COMPILER V9.51   IIC_SLAVE                                                             08/31/2017 12:07:20 PAGE 3   

   PDATA SIZE       =   ----    ----
   DATA SIZE        =      5       1
   IDATA SIZE       =   ----    ----
   BIT SIZE         =      2    ----
END OF MODULE INFORMATION.


C51 COMPILATION COMPLETE.  0 WARNING(S),  0 ERROR(S)
