C51 COMPILER V9.51   MAIN                                                                  07/01/2017 12:10:50 PAGE 1   


C51 COMPILER V9.51, COMPILATION OF MODULE MAIN
OBJECT MODULE PLACED IN .\hex\main.obj
COMPILER INVOKED BY: C:\Keil\C51\BIN\C51.EXE main.c ROM(COMPACT) BROWSE DEBUG OBJECTEXTEND PRINT(.\lst\main.lst) TABS(2)
                    - OBJECT(.\hex\main.obj)

line level    source

   1          #ifndef _MAIN_C_
   2          #define _MAIN_C_
   3          
   4          /*********************************************************************************************************
             -************/
   5          #include "ca51f_config.h"
   6          #if (IC_TYPE == IC_TYPE_CA51F2X)
   7          #include "../../includes/ca51f2sfr.h"
   8          #include "../../includes/ca51f2xsfr.h"
   9          #include "../../includes/gpiodef_f2.h"
  10          #elif (IC_TYPE == IC_TYPE_CA51F3X)
              #include "../../includes/ca51f3sfr.h"
              #include "../../includes/ca51f3xsfr.h"
              #include "../../includes/gpiodef_f3.h"
              #endif
  15          #include "../../includes/system.h"
  16          #include "../../Library/includes/uart.h"
  17          #include "../../Library/includes/adc.h"
  18          #include "watch_dog.h"
  19          #include <intrins.h>
  20          
  21          void main(void)
  22          {
  23   1      #ifdef UART0_EN
  24   1        Uart0_Initial(UART0_BAUTRATE);
  25   1      #endif
  26   1      #ifdef UART1_EN
                Uart1_Initial(UART1_BAUTRATE);
              #endif
  29   1      #ifdef UART2_EN
                Uart2_Initial(UART2_BAUTRATE);
              #endif
  32   1      
  33   1        EA = 1;
  34   1      
  35   1      #ifdef PRINT_EN
  36   1        uart_printf("Watch dog example!\n");
  37   1      #endif
  38   1        
  39   1        WatchDog_MainLoop();
  40   1        while(1);
  41   1      }
  42          #endif


MODULE INFORMATION:   STATIC OVERLAYABLE
   CODE SIZE        =     27    ----
   CONSTANT SIZE    =     20    ----
   XDATA SIZE       =   ----    ----
   PDATA SIZE       =   ----    ----
   DATA SIZE        =   ----    ----
   IDATA SIZE       =   ----    ----
   BIT SIZE         =   ----    ----
END OF MODULE INFORMATION.

C51 COMPILER V9.51   MAIN                                                                  07/01/2017 12:10:50 PAGE 2   


C51 COMPILATION COMPLETE.  0 WARNING(S),  0 ERROR(S)
