C51 COMPILER V9.51   WDT                                                                   07/01/2017 12:10:51 PAGE 1   


C51 COMPILER V9.51, COMPILATION OF MODULE WDT
OBJECT MODULE PLACED IN .\hex\wdt.obj
COMPILER INVOKED BY: C:\Keil\C51\BIN\C51.EXE ..\..\Library\Sources\wdt.c ROM(COMPACT) BROWSE DEBUG OBJECTEXTEND PRINT(.\
                    -lst\wdt.lst) TABS(2) OBJECT(.\hex\wdt.obj)

line level    source

   1          #ifndef _WDT_C_
   2          #define _WDT_C_
   3          /*********************************************************************************************************
             -************/
   4          #include "ca51f_config.h"
   5          #if (IC_TYPE == IC_TYPE_CA51F2X)
   6          #include "../../includes/ca51f2sfr.h"
   7          #include "../../includes/ca51f2xsfr.h"
   8          #include "../../includes/gpiodef_f2.h"
   9          #elif (IC_TYPE == IC_TYPE_CA51F3X)
              #include "../../includes/ca51f3sfr.h"
              #include "../../includes/ca51f3xsfr.h"
              #include "../../includes/gpiodef_f3.h"
              #endif
  14          #include "../../includes/system.h"
  15          #include "../../Library/includes/wdt.h"
  16          #include <intrins.h>
  17          /*********************************************************************************************************
             -************/
  18          /*****************************************************************************
  19          函数名：WDT_init
  20          功能描述：初始化看门狗
  21          输入参数：wdts    看门狗时钟源设置
  22                    wdre    看门狗模式设置
  23                    wdtch   看门狗时间设置
  24          返回值： 无
  25          ******************************************************************************/
  26          void WDT_init(WDTS_TypeDef wdts,WDRE_TypeDef wdre,unsigned int wdtvh)
  27          {
  28   1        WDCON = WDTS(wdts) | WDRE(wdre);
  29   1        WDVTHH = (unsigned char)(wdtvh>>8);
  30   1        WDVTHL = (unsigned char)(wdtvh);  
  31   1      }
  32          
  33          /*****************************************************************************
  34          函数名：WDT_FeedDog
  35          功能描述：刷新看门狗
  36          输入参数：无
  37          返回值： 无
  38          ******************************************************************************/
  39          void WDT_FeedDog(void)
  40          {
  41   1        WDFLG = 0xA5;
  42   1      }
  43          /*********************************************************************************************************
             -************/
  44          #endif


MODULE INFORMATION:   STATIC OVERLAYABLE
   CODE SIZE        =     17    ----
   CONSTANT SIZE    =   ----    ----
   XDATA SIZE       =   ----    ----
   PDATA SIZE       =   ----    ----
C51 COMPILER V9.51   WDT                                                                   07/01/2017 12:10:51 PAGE 2   

   DATA SIZE        =   ----    ----
   IDATA SIZE       =   ----    ----
   BIT SIZE         =   ----    ----
END OF MODULE INFORMATION.


C51 COMPILATION COMPLETE.  0 WARNING(S),  0 ERROR(S)
